# JRE version: Java(TM) SE Runtime Environment (8.0_191-b12) (build 1.8.0_191-b12)
# Java VM: Java HotSpot(TM) 64-Bit Server VM (25.191-b12 mixed mode linux-amd64 compressed oops)
Heap:
 PSYoungGen      total 620544K, used 122745K [0x000000076ab00000, 0x00000007b3080000, 0x00000007c0000000)
  eden space 335872K, 0% used [0x000000076ab00000,0x000000076ab00000,0x000000077f300000)
  from space 284672K, 43% used [0x000000077f300000,0x0000000786ade400,0x0000000790900000)
  to   space 403456K, 0% used [0x000000079a680000,0x000000079a680000,0x00000007b3080000)
 ParOldGen       total 2039296K, used 2038842K [0x00000006c0000000, 0x000000073c780000, 0x000000076ab00000)
  object space 2039296K, 99% used [0x00000006c0000000,0x000000073c70e8b8,0x000000073c780000)
 Metaspace       used 18205K, capacity 18630K, committed 18688K, reserved 1064960K
  class space    used 2141K, capacity 2289K, committed 2304K, reserved 1048576K
GC Heap History (10 events):
Event: 93.980 GC heap after
Heap after GC invocations=53 (full 9):
 PSYoungGen      total 582144K, used 15399K [0x000000076ab00000, 0x000000079c800000, 0x00000007c0000000)
  eden space 353280K, 0% used [0x000000076ab00000,0x000000076ab00000,0x0000000780400000)
  from space 228864K, 6% used [0x000000078e680000,0x000000078f589f30,0x000000079c600000)
  to   space 231424K, 0% used [0x0000000780400000,0x0000000780400000,0x000000078e600000)
 ParOldGen       total 1694720K, used 1549731K [0x00000006c0000000, 0x0000000727700000, 0x000000076ab00000)
  object space 1694720K, 91% used [0x00000006c0000000,0x000000071e968da0,0x0000000727700000)
 Metaspace       used 18178K, capacity 18630K, committed 18688K, reserved 1064960K
  class space    used 2139K, capacity 2289K, committed 2304K, reserved 1048576K
}
Event: 96.454 GC heap before
{Heap before GC invocations=54 (full 9):
 PSYoungGen      total 582144K, used 368679K [0x000000076ab00000, 0x000000079c800000, 0x00000007c0000000)
  eden space 353280K, 100% used [0x000000076ab00000,0x0000000780400000,0x0000000780400000)
  from space 228864K, 6% used [0x000000078e680000,0x000000078f589f30,0x000000079c600000)
  to   space 231424K, 0% used [0x0000000780400000,0x0000000780400000,0x000000078e600000)
 ParOldGen       total 1694720K, used 1549731K [0x00000006c0000000, 0x0000000727700000, 0x000000076ab00000)
  object space 1694720K, 91% used [0x00000006c0000000,0x000000071e968da0,0x0000000727700000)
 Metaspace       used 18178K, capacity 18630K, committed 18688K, reserved 1064960K
  class space    used 2139K, capacity 2289K, committed 2304K, reserved 1048576K
Event: 96.479 GC heap after
Heap after GC invocations=54 (full 9):
 PSYoungGen      total 584704K, used 9320K [0x000000076ab00000, 0x000000079eb80000, 0x00000007c0000000)
  eden space 353280K, 0% used [0x000000076ab00000,0x000000076ab00000,0x0000000780400000)
  from space 231424K, 4% used [0x0000000780400000,0x0000000780d1a3f0,0x000000078e600000)
  to   space 231936K, 0% used [0x0000000790900000,0x0000000790900000,0x000000079eb80000)
 ParOldGen       total 1694720K, used 1565133K [0x00000006c0000000, 0x0000000727700000, 0x000000076ab00000)
  object space 1694720K, 92% used [0x00000006c0000000,0x000000071f8737e0,0x0000000727700000)
 Metaspace       used 18178K, capacity 18630K, committed 18688K, reserved 1064960K
  class space    used 2139K, capacity 2289K, committed 2304K, reserved 1048576K
}
Event: 97.360 GC heap before
{Heap before GC invocations=55 (full 9):
 PSYoungGen      total 584704K, used 362600K [0x000000076ab00000, 0x000000079eb80000, 0x00000007c0000000)
  eden space 353280K, 100% used [0x000000076ab00000,0x0000000780400000,0x0000000780400000)
  from space 231424K, 4% used [0x0000000780400000,0x0000000780d1a3f0,0x000000078e600000)
  to   space 231936K, 0% used [0x0000000790900000,0x0000000790900000,0x000000079eb80000)
 ParOldGen       total 1694720K, used 1565133K [0x00000006c0000000, 0x0000000727700000, 0x000000076ab00000)
  object space 1694720K, 92% used [0x00000006c0000000,0x000000071f8737e0,0x0000000727700000)
 Metaspace       used 18205K, capacity 18630K, committed 18688K, reserved 1064960K
  class space    used 2141K, capacity 2289K, committed 2304K, reserved 1048576K
Event: 101.615 GC heap after
Heap after GC invocations=55 (full 9):
 PSYoungGen      total 567808K, used 231924K [0x000000076ab00000, 0x00000007a5880000, 0x00000007c0000000)
  eden space 335872K, 0% used [0x000000076ab00000,0x000000076ab00000,0x000000077f300000)
  from space 231936K, 99% used [0x0000000790900000,0x000000079eb7d3f8,0x000000079eb80000)
  to   space 284672K, 0% used [0x000000077f300000,0x000000077f300000,0x0000000790900000)
 ParOldGen       total 1694720K, used 1601218K [0x00000006c0000000, 0x0000000727700000, 0x000000076ab00000)
  object space 1694720K, 94% used [0x00000006c0000000,0x0000000721bb09e0,0x0000000727700000)
 Metaspace       used 18205K, capacity 18630K, committed 18688K, reserved 1064960K
  class space    used 2141K, capacity 2289K, committed 2304K, reserved 1048576K
}
Event: 102.099 GC heap before
{Heap before GC invocations=56 (full 10):
 PSYoungGen      total 567808K, used 231924K [0x000000076ab00000, 0x00000007a5880000, 0x00000007c0000000)
  eden space 335872K, 0% used [0x000000076ab00000,0x000000076ab00000,0x000000077f300000)
  from space 231936K, 99% used [0x0000000790900000,0x000000079eb7d3f8,0x000000079eb80000)
  to   space 284672K, 0% used [0x000000077f300000,0x000000077f300000,0x0000000790900000)
 ParOldGen       total 1694720K, used 1601218K [0x00000006c0000000, 0x0000000727700000, 0x000000076ab00000)
  object space 1694720K, 94% used [0x00000006c0000000,0x0000000721bb09e0,0x0000000727700000)
 Metaspace       used 18205K, capacity 18630K, committed 18688K, reserved 1064960K
  class space    used 2141K, capacity 2289K, committed 2304K, reserved 1048576K
Event: 108.400 GC heap after
Heap after GC invocations=56 (full 10):
 PSYoungGen      total 567808K, used 131798K [0x000000076ab00000, 0x00000007a5880000, 0x00000007c0000000)
  eden space 335872K, 0% used [0x000000076ab00000,0x000000076ab00000,0x000000077f300000)
  from space 231936K, 56% used [0x0000000790900000,0x00000007989b5af0,0x000000079eb80000)
  to   space 284672K, 0% used [0x000000077f300000,0x000000077f300000,0x0000000790900000)
 ParOldGen       total 2039296K, used 1694577K [0x00000006c0000000, 0x000000073c780000, 0x000000076ab00000)
  object space 2039296K, 83% used [0x00000006c0000000,0x00000007276dc6d0,0x000000073c780000)
 Metaspace       used 18205K, capacity 18630K, committed 18688K, reserved 1064960K
  class space    used 2141K, capacity 2289K, committed 2304K, reserved 1048576K
}
Event: 108.457 GC heap before
{Heap before GC invocations=57 (full 10):
 PSYoungGen      total 567808K, used 467670K [0x000000076ab00000, 0x00000007a5880000, 0x00000007c0000000)
  eden space 335872K, 100% used [0x000000076ab00000,0x000000077f300000,0x000000077f300000)
  from space 231936K, 56% used [0x0000000790900000,0x00000007989b5af0,0x000000079eb80000)
  to   space 284672K, 0% used [0x000000077f300000,0x000000077f300000,0x0000000790900000)
 ParOldGen       total 2039296K, used 1694577K [0x00000006c0000000, 0x000000073c780000, 0x000000076ab00000)
  object space 2039296K, 83% used [0x00000006c0000000,0x00000007276dc6d0,0x000000073c780000)
 Metaspace       used 18205K, capacity 18630K, committed 18688K, reserved 1064960K
  class space    used 2141K, capacity 2289K, committed 2304K, reserved 1048576K
Event: 118.345 GC heap after
Heap after GC invocations=57 (full 10):
 PSYoungGen      total 620544K, used 284672K [0x000000076ab00000, 0x00000007b3080000, 0x00000007c0000000)
  eden space 335872K, 0% used [0x000000076ab00000,0x000000076ab00000,0x000000077f300000)
  from space 284672K, 100% used [0x000000077f300000,0x0000000790900000,0x0000000790900000)
  to   space 403456K, 0% used [0x000000079a680000,0x000000079a680000,0x00000007b3080000)
 ParOldGen       total 2039296K, used 1883448K [0x00000006c0000000, 0x000000073c780000, 0x000000076ab00000)
  object space 2039296K, 92% used [0x00000006c0000000,0x0000000732f4e390,0x000000073c780000)
 Metaspace       used 18205K, capacity 18630K, committed 18688K, reserved 1064960K
  class space    used 2141K, capacity 2289K, committed 2304K, reserved 1048576K
}
Event: 118.366 GC heap before
{Heap before GC invocations=58 (full 11):
 PSYoungGen      total 620544K, used 284672K [0x000000076ab00000, 0x00000007b3080000, 0x00000007c0000000)
  eden space 335872K, 0% used [0x000000076ab00000,0x000000076ab00000,0x000000077f300000)
  from space 284672K, 100% used [0x000000077f300000,0x0000000790900000,0x0000000790900000)
  to   space 403456K, 0% used [0x000000079a680000,0x000000079a680000,0x00000007b3080000)
 ParOldGen       total 2039296K, used 1883448K [0x00000006c0000000, 0x000000073c780000, 0x000000076ab00000)
  object space 2039296K, 92% used [0x00000006c0000000,0x0000000732f4e390,0x000000073c780000)
 Metaspace       used 18205K, capacity 18630K, committed 18688K, reserved 1064960K
  class space    used 2141K, capacity 2289K, committed 2304K, reserved 1048576K

