# JRE version: Java(TM) SE Runtime Environment (8.0_191-b12) (build 1.8.0_191-b12)
# Java VM: Java HotSpot(TM) 64-Bit Server VM (25.191-b12 mixed mode linux-amd64 compressed oops)
Heap:
 PSYoungGen      total 649728K, used 83481K [0x000000076ab00000, 0x00000007ac680000, 0x00000007c0000000)
  eden space 286208K, 0% used [0x000000076ab00000,0x000000076ab00000,0x000000077c280000)
  from space 363520K, 22% used [0x0000000793900000,0x0000000798a864d0,0x00000007a9c00000)
  to   space 383488K, 0% used [0x000000077c280000,0x000000077c280000,0x0000000793900000)
 ParOldGen       total 2340864K, used 2340594K [0x00000006c0000000, 0x000000074ee00000, 0x000000076ab00000)
  object space 2340864K, 99% used [0x00000006c0000000,0x000000074edbc930,0x000000074ee00000)
 Metaspace       used 18396K, capacity 18902K, committed 19072K, reserved 1067008K
  class space    used 2156K, capacity 2321K, committed 2432K, reserved 1048576K
GC Heap History (10 events):
Event: 156.484 GC heap after
Heap after GC invocations=63 (full 10):
 PSYoungGen      total 568320K, used 0K [0x000000076ab00000, 0x000000079d980000, 0x00000007c0000000)
  eden space 318464K, 0% used [0x000000076ab00000,0x000000076ab00000,0x000000077e200000)
  from space 249856K, 0% used [0x000000077e200000,0x000000077e200000,0x000000078d600000)
  to   space 241152K, 0% used [0x000000078ee00000,0x000000078ee00000,0x000000079d980000)
 ParOldGen       total 1920512K, used 1598064K [0x00000006c0000000, 0x0000000735380000, 0x000000076ab00000)
  object space 1920512K, 83% used [0x00000006c0000000,0x000000072189c290,0x0000000735380000)
 Metaspace       used 18193K, capacity 18614K, committed 18688K, reserved 1064960K
  class space    used 2141K, capacity 2289K, committed 2304K, reserved 1048576K
}
Event: 156.588 GC heap before
{Heap before GC invocations=64 (full 10):
 PSYoungGen      total 568320K, used 318464K [0x000000076ab00000, 0x000000079d980000, 0x00000007c0000000)
  eden space 318464K, 100% used [0x000000076ab00000,0x000000077e200000,0x000000077e200000)
  from space 249856K, 0% used [0x000000077e200000,0x000000077e200000,0x000000078d600000)
  to   space 241152K, 0% used [0x000000078ee00000,0x000000078ee00000,0x000000079d980000)
 ParOldGen       total 1920512K, used 1598064K [0x00000006c0000000, 0x0000000735380000, 0x000000076ab00000)
  object space 1920512K, 83% used [0x00000006c0000000,0x000000072189c290,0x0000000735380000)
 Metaspace       used 18196K, capacity 18678K, committed 18944K, reserved 1067008K
  class space    used 2141K, capacity 2289K, committed 2304K, reserved 1048576K
Event: 317.797 GC heap after
Heap after GC invocations=64 (full 10):
 PSYoungGen      total 517632K, used 241140K [0x000000076ab00000, 0x00000007a7180000, 0x00000007c0000000)
  eden space 276480K, 0% used [0x000000076ab00000,0x000000076ab00000,0x000000077b900000)
  from space 241152K, 99% used [0x000000078ee00000,0x000000079d97d110,0x000000079d980000)
  to   space 316416K, 0% used [0x000000077b900000,0x000000077b900000,0x000000078ee00000)
 ParOldGen       total 1920512K, used 1678874K [0x00000006c0000000, 0x0000000735380000, 0x000000076ab00000)
  object space 1920512K, 87% used [0x00000006c0000000,0x0000000726786980,0x0000000735380000)
 Metaspace       used 18196K, capacity 18678K, committed 18944K, reserved 1067008K
  class space    used 2141K, capacity 2289K, committed 2304K, reserved 1048576K
}
Event: 317.869 GC heap before
{Heap before GC invocations=65 (full 10):
 PSYoungGen      total 517632K, used 517620K [0x000000076ab00000, 0x00000007a7180000, 0x00000007c0000000)
  eden space 276480K, 100% used [0x000000076ab00000,0x000000077b900000,0x000000077b900000)
  from space 241152K, 99% used [0x000000078ee00000,0x000000079d97d110,0x000000079d980000)
  to   space 316416K, 0% used [0x000000077b900000,0x000000077b900000,0x000000078ee00000)
 ParOldGen       total 1920512K, used 1678874K [0x00000006c0000000, 0x0000000735380000, 0x000000076ab00000)
  object space 1920512K, 87% used [0x00000006c0000000,0x0000000726786980,0x0000000735380000)
 Metaspace       used 18196K, capacity 18678K, committed 18944K, reserved 1067008K
  class space    used 2141K, capacity 2289K, committed 2304K, reserved 1048576K
Event: 318.122 GC heap after
Heap after GC invocations=65 (full 10):
 PSYoungGen      total 592896K, used 282528K [0x000000076ab00000, 0x00000007a9c00000, 0x00000007c0000000)
  eden space 276480K, 0% used [0x000000076ab00000,0x000000076ab00000,0x000000077b900000)
  from space 316416K, 89% used [0x000000077b900000,0x000000078cce8000,0x000000078ee00000)
  to   space 363520K, 0% used [0x0000000793900000,0x0000000793900000,0x00000007a9c00000)
 ParOldGen       total 1920512K, used 1915306K [0x00000006c0000000, 0x0000000735380000, 0x000000076ab00000)
  object space 1920512K, 99% used [0x00000006c0000000,0x0000000734e6aae0,0x0000000735380000)
 Metaspace       used 18196K, capacity 18678K, committed 18944K, reserved 1067008K
  class space    used 2141K, capacity 2289K, committed 2304K, reserved 1048576K
}
Event: 318.122 GC heap before
{Heap before GC invocations=66 (full 11):
 PSYoungGen      total 592896K, used 282528K [0x000000076ab00000, 0x00000007a9c00000, 0x00000007c0000000)
  eden space 276480K, 0% used [0x000000076ab00000,0x000000076ab00000,0x000000077b900000)
  from space 316416K, 89% used [0x000000077b900000,0x000000078cce8000,0x000000078ee00000)
  to   space 363520K, 0% used [0x0000000793900000,0x0000000793900000,0x00000007a9c00000)
 ParOldGen       total 1920512K, used 1915306K [0x00000006c0000000, 0x0000000735380000, 0x000000076ab00000)
  object space 1920512K, 99% used [0x00000006c0000000,0x0000000734e6aae0,0x0000000735380000)
 Metaspace       used 18196K, capacity 18678K, committed 18944K, reserved 1067008K
  class space    used 2141K, capacity 2289K, committed 2304K, reserved 1048576K
Event: 323.495 GC heap after
Heap after GC invocations=66 (full 11):
 PSYoungGen      total 592896K, used 271393K [0x000000076ab00000, 0x00000007a9c00000, 0x00000007c0000000)
  eden space 276480K, 0% used [0x000000076ab00000,0x000000076ab00000,0x000000077b900000)
  from space 316416K, 85% used [0x000000077b900000,0x000000078c208510,0x000000078ee00000)
  to   space 363520K, 0% used [0x0000000793900000,0x0000000793900000,0x00000007a9c00000)
 ParOldGen       total 2340864K, used 1920175K [0x00000006c0000000, 0x000000074ee00000, 0x000000076ab00000)
  object space 2340864K, 82% used [0x00000006c0000000,0x000000073532bf48,0x000000074ee00000)
 Metaspace       used 18196K, capacity 18678K, committed 18944K, reserved 1067008K
  class space    used 2141K, capacity 2289K, committed 2304K, reserved 1048576K
}
Event: 335.782 GC heap before
{Heap before GC invocations=67 (full 11):
 PSYoungGen      total 592896K, used 547873K [0x000000076ab00000, 0x00000007a9c00000, 0x00000007c0000000)
  eden space 276480K, 100% used [0x000000076ab00000,0x000000077b900000,0x000000077b900000)
  from space 316416K, 85% used [0x000000077b900000,0x000000078c208510,0x000000078ee00000)
  to   space 363520K, 0% used [0x0000000793900000,0x0000000793900000,0x00000007a9c00000)
 ParOldGen       total 2340864K, used 1920175K [0x00000006c0000000, 0x000000074ee00000, 0x000000076ab00000)
  object space 2340864K, 82% used [0x00000006c0000000,0x000000073532bf48,0x000000074ee00000)
 Metaspace       used 18396K, capacity 18902K, committed 19072K, reserved 1067008K
  class space    used 2156K, capacity 2321K, committed 2432K, reserved 1048576K
Event: 341.655 GC heap after
Heap after GC invocations=67 (full 11):
 PSYoungGen      total 649728K, used 237379K [0x000000076ab00000, 0x00000007ac680000, 0x00000007c0000000)
  eden space 286208K, 0% used [0x000000076ab00000,0x000000076ab00000,0x000000077c280000)
  from space 363520K, 65% used [0x0000000793900000,0x00000007a20d0f90,0x00000007a9c00000)
  to   space 383488K, 0% used [0x000000077c280000,0x000000077c280000,0x0000000793900000)
 ParOldGen       total 2340864K, used 2191569K [0x00000006c0000000, 0x000000074ee00000, 0x000000076ab00000)
  object space 2340864K, 93% used [0x00000006c0000000,0x0000000745c34508,0x000000074ee00000)
 Metaspace       used 18396K, capacity 18902K, committed 19072K, reserved 1067008K
  class space    used 2156K, capacity 2321K, committed 2432K, reserved 1048576K
}
Event: 341.655 GC heap before
{Heap before GC invocations=68 (full 12):
 PSYoungGen      total 649728K, used 237379K [0x000000076ab00000, 0x00000007ac680000, 0x00000007c0000000)
  eden space 286208K, 0% used [0x000000076ab00000,0x000000076ab00000,0x000000077c280000)
  from space 363520K, 65% used [0x0000000793900000,0x00000007a20d0f90,0x00000007a9c00000)
  to   space 383488K, 0% used [0x000000077c280000,0x000000077c280000,0x0000000793900000)
 ParOldGen       total 2340864K, used 2191569K [0x00000006c0000000, 0x000000074ee00000, 0x000000076ab00000)
  object space 2340864K, 93% used [0x00000006c0000000,0x0000000745c34508,0x000000074ee00000)
 Metaspace       used 18396K, capacity 18902K, committed 19072K, reserved 1067008K
  class space    used 2156K, capacity 2321K, committed 2432K, reserved 1048576K

